C51 COMPILER V9.55   ADC                                                                   05/23/2019 16:49:16 PAGE 1   


C51 COMPILER V9.55, COMPILATION OF MODULE ADC
OBJECT MODULE PLACED IN .\Objects\adc.obj
COMPILER INVOKED BY: C:\Keil_v5\C51\BIN\C51.EXE src\adc.c LARGE OPTIMIZE(1,SPEED) BROWSE DEBUG OBJECTEXTEND PRINT(.\List
                    -ings\adc.lst) TABS(2) OBJECT(.\Objects\adc.obj)

line level    source

   1          #include "adc.h"
   2          
   3          sfr16 ADC0 = 0xbe;
   4          
   5          void Init_ADC0()
   6          {
   7   1      
   8   1        ADC0CN |=0x81;
   9   1        ADC0CN &= ~0x4C;
  10   1        ADC0CF &= 0x00;
  11   1        //AMX0SL&=0xF0;
  12   1        //AMX0CF&=0xF0;
  13   1      
  14   1        REF0CN&=0xEB;
  15   1        REF0CN|=0x03;
  16   1        
  17   1        DAC0CN |=0x80;
  18   1        DAC0CN &=0xE0;
  19   1      }
  20          
  21          int _read_ADC0()
  22          {
  23   1        return ADC0;
  24   1      }
  25          
  26          int read_ADC0()
  27          {
  28   1        byte adc0 = 0;
  29   1        
  30   1        AD0INT=0;
  31   1        AD0BUSY=1;
  32   1        
  33   1        // Wait Until the END of Conversion
  34   1        while (AD0INT ==0) {};
  35   1        
  36   1        adc0 = ADC0;
  37   1        
  38   1        AD0BUSY=0;
  39   1        
  40   1        return adc0;
  41   1      }
  42          
  43          void choose_ADC_input(ADC_INPUT adc_input)
  44          {
  45   1        if(adc_input == AIN0)
  46   1        {
  47   2          AMX0SL = 0x00;
  48   2        }
  49   1        else if(adc_input == AIN1)
  50   1        {
  51   2          AMX0SL = 0x01;
  52   2        }
  53   1        else
  54   1        {
C51 COMPILER V9.55   ADC                                                                   05/23/2019 16:49:16 PAGE 2   

  55   2          AMX0SL = 0x06;
  56   2        }
  57   1      }
  58          


MODULE INFORMATION:   STATIC OVERLAYABLE
   CODE SIZE        =     90    ----
   CONSTANT SIZE    =   ----    ----
   XDATA SIZE       =      2    ----
   PDATA SIZE       =   ----    ----
   DATA SIZE        =   ----    ----
   IDATA SIZE       =   ----    ----
   BIT SIZE         =   ----    ----
END OF MODULE INFORMATION.


C51 COMPILATION COMPLETE.  0 WARNING(S),  0 ERROR(S)
