C51 COMPILER V9.55   DISTANCE_DETECTOR                                                     04/28/2019 16:27:10 PAGE 1   


C51 COMPILER V9.55, COMPILATION OF MODULE DISTANCE_DETECTOR
OBJECT MODULE PLACED IN .\Objects\distance_detector.obj
COMPILER INVOKED BY: C:\Keil_v5\C51\BIN\C51.EXE src\distance_detector.c LARGE OPTIMIZE(2,SPEED) BROWSE DEBUG OBJECTEXTEN
                    -D PRINT(.\Listings\distance_detector.lst) TABS(2) OBJECT(.\Objects\distance_detector.obj)

line level    source

   1          //
   2          // Target: C8051F02x
   3          // Tool chain: KEIL Microvision 4
   4          //
   5          //  NOM: METEYER
   6          
   7          //
   8          //------------------------------------------------------------------------------------
   9          #include "distance_detector.h"
  10          
  11          //port de sortie
  12          sbit P1_2 = P1^2;
  13          
  14          sfr16 ADC0 = 0xbe;
  15          
  16          volatile int servo_angle_H = 0;
  17          
  18          PWN_STATE pwn_state = PWN_IDDLE;
  19          
  20          DD_STATE dd_current_state = DD_IDLE;
  21          int nbr_interrupt = 0;
  22          
  23          int val_obs_buffer[10] = {0, 0, 0, 0, 0, 0, 0, 0, 0, 0};
  24          byte val_obs_buffer_size = 0;
  25          
  26          /*
  27              FULL STATE MACHINE
  28          
  29              Liste des Etats de la machines d'état associés à leur fonction
  30          */
  31          const DD_FSM_PROCESS dd_full_state_machine[5] = {
  32              {DD_IDLE, &dd_idle},
  33              {MOVE_SERVO_H, &dd_move_servo_h},
  34              {SINGLE_MEASURE, &dd_single_measure},
  35              {SLEW_DETECTION, &dd_slew_detection},
  36              {OBS_DETECTION, &dd_obs_detection}
  37          };
  38          
  39          /*
  40          #############################################################################
  41                  Interrupt Routine For Timer 0
  42          #############################################################################
  43          */
  44            
  45          void timer_0_int() interrupt 1
  46          { 
  47   1        static char high = 0;
  48   1        
  49   1        int duree_imp = 0;
  50   1        int reload_value = 0;
  51   1      
  52   1        duree_imp = 10*(servo_angle_H+90) + 600 ;// 600us pour 90°  (cf doc technique)
  53   1        
  54   1        P1_2 = !P1_2;
C51 COMPILER V9.55   DISTANCE_DETECTOR                                                     04/28/2019 16:27:10 PAGE 2   

  55   1        
  56   1        if (high == 0)
  57   1        {
  58   2          reload_value = 0xFFFF - (2*6000 - duree_imp );
  59   2          high=1;
  60   2        } else {
  61   2          
  62   2          reload_value = 0xFFFF - (2 * duree_imp );
  63   2          high=0;
  64   2        }
  65   1        TL0= reload_value;
  66   1        TH0= reload_value >> 8; //on décale pour obtenir les bits de poids fort
  67   1        
  68   1        if(nbr_interrupt == 1000)
  69   1        {
  70   2          //ET0 = 0;  // Enable timer0 interuption
  71   2          nbr_interrupt++;
  72   2          pwn_state = PWN_FINISH;
  73   2        }
  74   1        else
  75   1        {
  76   2          nbr_interrupt++;
  77   2        }
  78   1      }
  79          
  80          /*
  81          #############################################################################
  82                  End of Interrupt Routine For Timer 0
  83          #############################################################################
  84          */
  85          
  86          /*
  87          #############################################################################
  88                  Peripheric initialize
  89          #############################################################################
  90          */
  91          
  92          
  93          void Init_distance_detector()
  94          {
  95   1        dd_config_DAC_ADC();
  96   1        
  97   1        
  98   1        // XBAR for servomoteur H
  99   1        //XBR1 |=0x02; 
 100   1        
 101   1        /* XBAR for telemeter */
 102   1        //XBR1 |= 0x80;
 103   1        
 104   1        // Push-Pull mode
 105   1        P1MDOUT = 0xFF;
 106   1        
 107   1        dd_init_timer0();
 108   1        
 109   1        ET0 = 1;  // Enable timer0 interuption
 110   1        EA = 1; // Enable general interruption
 111   1      }
 112          
 113          void dd_init_timer0()
 114          { 
 115   1        //Reglages Timer 0
 116   1        TMOD=0x01; //mode 1
C51 COMPILER V9.55   DISTANCE_DETECTOR                                                     04/28/2019 16:27:10 PAGE 3   

 117   1        TCON= 0x11; // Enable Timer0 (bit4) and enable interupt on edge (bit0)
 118   1        TL0=0xA8;
 119   1        TH0=0xFB;
 120   1        
 121   1        TR0 = 1;
 122   1      }
 123          
 124          void dd_config_DAC_ADC() {
 125   1      
 126   1        ADC0CN |=0x81;
 127   1        ADC0CN &= ~0x4C;
 128   1        ADC0CF &= 0x00;
 129   1        //AMX0SL&=0xF0;
 130   1        //AMX0CF&=0xF0;
 131   1      
 132   1        REF0CN&=0xEB;
 133   1        REF0CN|=0x03;
 134   1        
 135   1        DAC0CN |=0x80;
 136   1        DAC0CN &=0xE0;
 137   1      }
 138          
 139          /*
 140          #############################################################################
 141                  Distance Detector Core
 142          #############################################################################
 143          */
 144          
 145          //const FSM_PROCESS* cmd_parser_next_state()
 146          void distance_detector_process(DD_PACKET * dd_packet)
 147          {
 148   1        dd_full_state_machine[dd_current_state].state_process(dd_packet);
 149   1      }
 150          
 151          
 152          void dd_idle(DD_PACKET * dd_packet)
 153          {
 154   1        if(dd_packet->commands->Etat_DCT_Obst != DCT_non)
 155   1        {
 156   2          switch(dd_packet->commands->Etat_DCT_Obst)
 157   2          {
 158   3            case oui_180:
 159   3              dd_current_state = SLEW_DETECTION;
 160   3              break;
 161   3            
 162   3            case oui_360:
 163   3              
 164   3              break;
 165   3            
 166   3            case oui_single:
 167   3              dd_current_state = SINGLE_MEASURE;
 168   3              break;
 169   3            default:
 170   3              dd_current_state = DD_IDLE;
 171   3          }
 172   2        }
 173   1        else
 174   1        {
 175   2          if(dd_packet->commands->Etat_Servo == Servo_H)
 176   2          {
 177   3            dd_current_state = MOVE_SERVO_H;
 178   3            dd_packet->commands->Etat_Servo = Servo_non;
C51 COMPILER V9.55   DISTANCE_DETECTOR                                                     04/28/2019 16:27:10 PAGE 4   

 179   3          }
 180   2        
 181   2        }
 182   1      
 183   1      }
 184          
 185          void dd_move_servo_h(DD_PACKET * dd_packet)
 186          {
 187   1        if(pwn_state == PWN_IDDLE)
 188   1        {
 189   2          ET0 = 0;  // Stop last PWN Interrupt routine
 190   2          dd_set_angle(dd_packet->commands->Servo_Angle);
 191   2          nbr_interrupt = 0; // Reset tempo flag
 192   2          pwn_state = PWN_RUN;
 193   2          ET0 = 1;  // Enable timer0 interuption
 194   2          
 195   2        }
 196   1        else if (pwn_state == PWN_FINISH)
 197   1        {
 198   2          dd_packet->informations->Etat_BUT_Servo = BUT_Servo_H;
 199   2          dd_packet->informations->Etat_Invite = Invite_oui;
 200   2          pwn_state = PWN_IDDLE;
 201   2          dd_current_state = DD_IDLE;
 202   2        }
 203   1        else{
 204   2          // Nothing to do
 205   2        }
 206   1        
 207   1      
 208   1      }
 209          
 210          void dd_slew_detection(DD_PACKET * dd_packet)
 211          {
 212   1        static byte step = 0;
 213   1        static char delta_angle = -90;
 214   1        static float smallest_measure = 70.0;
 215   1        static char angle_obs = 0;
 216   1        
 217   1        switch(step)
 218   1        {
 219   2          case 0:
 220   2            dd_set_angle(-90);
 221   2            dd_packet->commands->DCT_Obst_Resolution = 5;
 222   2            step++;
 223   2            break;
 224   2          case 1:
 225   2            delta_angle += dd_packet->commands->DCT_Obst_Resolution;
 226   2            // TODO
 227   2            /**dd_set_angle(delta_angle);
 228   2            if(delta_angle == 90)
 229   2            {
 230   2              step++;
 231   2            }
 232   2            dd_current_state = SINGLE_MEASURE;*/
 233   2            break;
 234   2          default:
 235   2            delta_angle = -90;
 236   2            step = 0;
 237   2            dd_current_state = DD_IDLE;
 238   2            break;
 239   2        }
 240   1      }
C51 COMPILER V9.55   DISTANCE_DETECTOR                                                     04/28/2019 16:27:10 PAGE 5   

*** WARNING C280 IN LINE 214 OF src\distance_detector.c: 'smallest_measure': unreferenced local variable
*** WARNING C280 IN LINE 215 OF src\distance_detector.c: 'angle_obs': unreferenced local variable
 241          
 242          void dd_single_measure(DD_PACKET * dd_packet)
 243          {
 244   1        clear_val_obs_buffer();
 245   1        
 246   1        // Front telemeter
 247   1        choose_ADC_input(AIN0);
 248   1        dd_packet->measure = dd_start_conversion();
 249   1      
 250   1        if(dd_packet->measure <= MAX_DISTANCE)
 251   1        {
 252   2          val_obs_buffer[0] = (int)(10 * dd_packet->measure);
 253   2          val_obs_buffer[1] = servo_angle_H;
 254   2          dd_packet->obs_detected_front = 1;
 255   2        }
 256   1        else
 257   1        {
 258   2          dd_packet->obs_detected_front = 0;
 259   2        }
 260   1        
 261   1        // Back telemeter
 262   1        choose_ADC_input(AIN1);
 263   1        dd_packet->measure = dd_start_conversion();
 264   1      
 265   1        if(dd_packet->measure <= MAX_DISTANCE)
 266   1        {
 267   2          val_obs_buffer[2] = (int)(10 * dd_packet->measure);
 268   2          val_obs_buffer[3] = servo_angle_H;
 269   2          dd_packet->obs_detected_back = 1;
 270   2        }
 271   1        else
 272   1        {
 273   2          dd_packet->obs_detected_back = 0;
 274   2        }
 275   1        
 276   1        dd_packet->informations->Tab_Val_Obst = val_obs_buffer;
*** WARNING C182 IN LINE 276 OF src\distance_detector.c: pointer to different objects
 277   1        dd_packet->informations->Nbre_Val_obst = val_obs_buffer_size;
 278   1        
 279   1        // Switch ON "KOB" info return
 280   1        dd_packet->informations->Etat_DCT_Obst = DCT_Obst_single_oui;
 281   1        dd_packet->informations->Etat_Invite = Invite_oui;
 282   1        
 283   1        dd_packet->commands->Etat_DCT_Obst = DCT_non;
 284   1        
 285   1        dd_current_state = DD_IDLE;
 286   1      }
 287          
 288          void dd_set_angle(int angle)
 289          {
 290   1        servo_angle_H = angle;
 291   1      }
 292          
 293          void clear_val_obs_buffer()
 294          {
 295   1        byte i = 0;
 296   1        
 297   1        for(i = 0 ; i < VAL_OBS_BUFFER_SIZE ; i++)
 298   1        {
 299   2          val_obs_buffer[i] = 0;
C51 COMPILER V9.55   DISTANCE_DETECTOR                                                     04/28/2019 16:27:10 PAGE 6   

 300   2        }
 301   1        val_obs_buffer_size = 0;
 302   1      }
 303          
 304          void choose_ADC_input(ADC_INPUT adc_input)
 305          {
 306   1        if(adc_input == AIN0)
 307   1        {
 308   2          AMX0SL = 0x00;
 309   2        }
 310   1        else
 311   1        {
 312   2          AMX0SL = 0x01;
 313   2        }
 314   1      }
 315          
 316          float dd_mesure(){
 317   1        
 318   1        float d;
 319   1        float V_mes;
 320   1        
 321   1        //lecture de la tension mesurée sur AIN2
 322   1        AMX0SL&=0x00;
 323   1        AMX0SL|=0x01;
 324   1        
 325   1        V_mes=ADC0/(POW*5.6);
 326   1        
 327   1        //Calcul des distances
 328   1        d=-16.669*V_mes+MAX_DISTANCE; 
 329   1        
 330   1        return d;
 331   1        
 332   1      } 
 333          
 334          
 335          float dd_start_conversion(){
 336   1        float conv;
 337   1        unsigned int j;
 338   1        AD0INT=0;
 339   1        AD0BUSY=1;
 340   1        dd_mesure();
 341   1        AD0BUSY=0;
 342   1        
 343   1        for(j=0;j<1000;j++); //On temporise pour atteindre la stabilité
 344   1        
 345   1        AD0INT=0;
 346   1        AD0BUSY=1;
 347   1        conv =dd_mesure();
 348   1        AD0BUSY=0;
 349   1        
 350   1        return conv;
 351   1      }


MODULE INFORMATION:   STATIC OVERLAYABLE
   CODE SIZE        =   1572    ----
   CONSTANT SIZE    =   ----    ----
   XDATA SIZE       =     55      37
   PDATA SIZE       =   ----    ----
   DATA SIZE        =   ----    ----
   IDATA SIZE       =   ----    ----
   BIT SIZE         =   ----    ----
C51 COMPILER V9.55   DISTANCE_DETECTOR                                                     04/28/2019 16:27:10 PAGE 7   

END OF MODULE INFORMATION.


C51 COMPILATION COMPLETE.  3 WARNING(S),  0 ERROR(S)
